Thu Feb 27 12:18:08 UTC 2025 - Activity Log Update 1
Thu Feb 27 12:18:08 UTC 2025 - Activity Log Update 2
Sun Mar  2 12:15:23 UTC 2025 - Activity Log Update 1
Sun Mar  2 12:15:23 UTC 2025 - Activity Log Update 2
Sun Mar  2 12:15:23 UTC 2025 - Activity Log Update 3
Sun Mar  2 12:15:23 UTC 2025 - Activity Log Update 4
Wed Mar  5 12:18:18 UTC 2025 - Activity Log Update 1
Wed Mar  5 12:18:18 UTC 2025 - Activity Log Update 2
Tue Mar 11 12:18:55 UTC 2025 - Activity Log Update 1
Tue Mar 11 12:18:55 UTC 2025 - Activity Log Update 2
Sat Mar 15 12:15:53 UTC 2025 - Activity Log Update 1
Fri Mar 21 12:18:07 UTC 2025 - Activity Log Update 1
Fri Mar 21 12:18:07 UTC 2025 - Activity Log Update 2
Fri Mar 21 12:18:07 UTC 2025 - Activity Log Update 3
Tue Mar 25 12:18:45 UTC 2025 - Activity Log Update 1
Tue Mar 25 12:18:45 UTC 2025 - Activity Log Update 2
Tue Mar 25 12:18:45 UTC 2025 - Activity Log Update 3
Tue Mar 25 12:18:45 UTC 2025 - Activity Log Update 4
Tue Mar 25 12:18:45 UTC 2025 - Activity Log Update 5
Tue Apr  1 12:19:38 UTC 2025 - Activity Log Update 1
Tue Apr  1 12:19:38 UTC 2025 - Activity Log Update 2
Tue Apr  1 12:19:38 UTC 2025 - Activity Log Update 3
Tue Apr  1 12:19:38 UTC 2025 - Activity Log Update 4
Fri Apr  4 12:18:28 UTC 2025 - Activity Log Update 1
Fri Apr  4 12:18:28 UTC 2025 - Activity Log Update 2
Fri Apr  4 12:18:28 UTC 2025 - Activity Log Update 3
Sat Apr  5 12:16:34 UTC 2025 - Activity Log Update 1
Sat Apr  5 12:16:34 UTC 2025 - Activity Log Update 2
Sat Apr  5 12:16:34 UTC 2025 - Activity Log Update 3
Sat Apr  5 12:16:34 UTC 2025 - Activity Log Update 4
Mon Apr  7 12:19:37 UTC 2025 - Activity Log Update 1
Mon Apr  7 12:19:37 UTC 2025 - Activity Log Update 2
Mon Apr  7 12:19:37 UTC 2025 - Activity Log Update 3
Wed Apr  9 12:19:24 UTC 2025 - Activity Log Update 1
Wed Apr  9 12:19:24 UTC 2025 - Activity Log Update 2
Wed Apr  9 12:19:25 UTC 2025 - Activity Log Update 3
Wed Apr  9 12:19:25 UTC 2025 - Activity Log Update 4
Wed Apr  9 12:19:25 UTC 2025 - Activity Log Update 5
Tue Apr 22 12:19:09 UTC 2025 - Activity Log Update 1
Tue Apr 22 12:19:09 UTC 2025 - Activity Log Update 2
Tue Apr 22 12:19:09 UTC 2025 - Activity Log Update 3
Tue Apr 22 12:19:09 UTC 2025 - Activity Log Update 4
Wed Apr 23 12:19:30 UTC 2025 - Activity Log Update 1
Wed Apr 23 12:19:30 UTC 2025 - Activity Log Update 2
Fri May  2 12:19:23 UTC 2025 - Activity Log Update 1
Sat May  3 12:17:19 UTC 2025 - Activity Log Update 1
Sun May  4 12:17:44 UTC 2025 - Activity Log Update 1
Sun May  4 12:17:45 UTC 2025 - Activity Log Update 2
Sun May  4 12:17:45 UTC 2025 - Activity Log Update 3
Sun May  4 12:17:45 UTC 2025 - Activity Log Update 4
Sun May  4 12:17:45 UTC 2025 - Activity Log Update 5
Mon May 19 12:20:50 UTC 2025 - Activity Log Update 1
Mon May 19 12:20:50 UTC 2025 - Activity Log Update 2
Tue May 27 12:20:36 UTC 2025 - Activity Log Update 1
Tue May 27 12:20:36 UTC 2025 - Activity Log Update 2
Wed Jun  4 12:20:46 UTC 2025 - Activity Log Update 1
Tue Jun 10 12:21:18 UTC 2025 - Activity Log Update 1
Fri Jun 20 12:20:48 UTC 2025 - Activity Log Update 1
Fri Jun 20 12:20:48 UTC 2025 - Activity Log Update 2
Fri Jun 20 12:20:48 UTC 2025 - Activity Log Update 3
Fri Jun 20 12:20:48 UTC 2025 - Activity Log Update 4
Fri Jun 20 12:20:49 UTC 2025 - Activity Log Update 5
Sat Jul  5 12:18:21 UTC 2025 - Activity Log Update 1
Sat Jul  5 12:18:21 UTC 2025 - Activity Log Update 2
Sat Jul  5 12:18:21 UTC 2025 - Activity Log Update 3
Mon Jul  7 12:21:05 UTC 2025 - Activity Log Update 1
Mon Jul  7 12:21:05 UTC 2025 - Activity Log Update 2
Tue Jul 15 12:22:08 UTC 2025 - Activity Log Update 1
Tue Jul 22 12:22:01 UTC 2025 - Activity Log Update 1
Tue Jul 22 12:22:01 UTC 2025 - Activity Log Update 2
Sat Aug  2 12:20:03 UTC 2025 - Activity Log Update 1
Sat Aug  2 12:20:03 UTC 2025 - Activity Log Update 2
Tue Aug  5 12:23:53 UTC 2025 - Activity Log Update 1
Tue Aug  5 12:23:53 UTC 2025 - Activity Log Update 2
